Arguments: 
  C:\Program Files (x86)\Nodist\v-x64\11.13.0\node.exe C:\Program Files (x86)\Nodist\bin\node_modules\yarn\bin\yarn.js cache dir

PATH: 
  C:\Users\gusta\AppData\Local\cloud-code\installer\google-cloud-sdk\bin;C:\Python311\Scripts\;C:\Python311\;C:\Program Files (x86)\Microsoft SDKs\Azure\CLI2\wbin;C:\Program Files\Eclipse Adoptium\jdk-17.0.4.101-hotspot\bin;D:\Program Files (x86)\VMware\VMware Workstation\bin\;C:\WINDOWS\system32;C:\WINDOWS;C:\WINDOWS\System32\Wbem;C:\WINDOWS\System32\WindowsPowerShell\v1.0\;C:\WINDOWS\System32\OpenSSH\;C:\Program Files\Docker\Docker\resources\bin;C:\ProgramData\chocolatey\bin;C:\HashiCorp\Vagrant\bin;C:\Program Files\Git\cmd;C:\Program Files\Java\jdk1.8.0_211\bin;C:\ProgramData\chocolatey\lib\maven\apache-maven-3.8.6\bin;C:\Program Files\Amazon\AWSCLIV2\;C:\Program Files (x86)\Nodist\bin;C:\Program Files\nodejs\;C:\Program Files (x86)\Yarn\bin\;C:\Users\gusta\AppData\Local\Programs\Python\Python310\Scripts\;C:\Users\gusta\AppData\Local\Programs\Python\Python310\;C:\Users\gusta\AppData\Local\Microsoft\WindowsApps;C:\Program Files (x86)\Nmap;C:\Users\gusta\AppData\Local\Programs\Microsoft VS Code\bin;C:\Users\gusta\AppData\Local\GitHubDesktop\bin;C:\Users\gusta\AppData\Roaming\npm;C:\Users\gusta\AppData\Local\Yarn\bin

Yarn version: 
  1.22.19

Node version: 
  11.13.0

Platform: 
  win32 x64

Trace: 
  SyntaxError: F:\DeployApp\gtopanda\package.json: Unexpected end of JSON input
      at JSON.parse (<anonymous>)
      at C:\Program Files (x86)\Nodist\bin\node_modules\yarn\lib\cli.js:1629:59
      at Generator.next (<anonymous>)
      at step (C:\Program Files (x86)\Nodist\bin\node_modules\yarn\lib\cli.js:310:30)
      at C:\Program Files (x86)\Nodist\bin\node_modules\yarn\lib\cli.js:321:13

npm manifest: 
  

yarn manifest: 
  No manifest

Lockfile: 
  
